#
# A fatal error has been detected by the Java Runtime Environment:
#
#  Internal Error (ciMethodData.cpp:209), pid=9956, tid=0x0000000000002368
#  Error: ShouldNotReachHere()
#
# JRE version: OpenJDK Runtime Environment (8.0_152-b06) (build 1.8.0_152-release-1136-b06)
# Java VM: OpenJDK 64-Bit Server VM (25.152-b06 mixed mode windows-amd64 compressed oops)
# Failed to write core dump. Minidumps are not enabled by default on client versions of Windows
#
# If you would like to submit a bug report, please visit:
#   http://bugreport.java.com/bugreport/crash.jsp
#

---------------  T H R E A D  ---------------

Current thread (0x0000000015e59000):  JavaThread "C2 CompilerThread1" daemon [_thread_in_vm, id=9064, stack(0x00000000175b0000,0x00000000176b0000)]

Stack: [0x00000000175b0000,0x00000000176b0000]
[error occurred during error reporting (printing stack bounds), id 0xc0000005]

Native frames: (J=compiled Java code, j=interpreted, Vv=VM code, C=native code)


Current CompileTask:
C2:5159103 27252       4       com.sun.tools.javac.jvm.ClassReader::enterClass (130 bytes)


---------------  P R O C E S S  ---------------

Java Threads: ( => current thread )
  0x000000001831f000 JavaThread "Cache worker for Java compile cache (E:\ArabCoders\NanoDegree\Apps\TourGuideApp\.gradle\4.6\javaCompile)" [_thread_blocked, id=5748, stack(0x0000000049dd0000,0x0000000049ed0000)]
  0x000000001831e000 JavaThread "stdout" daemon [_thread_in_native, id=11900, stack(0x0000000049cd0000,0x0000000049dd0000)]
  0x000000001831b000 JavaThread "stderr" daemon [_thread_in_native, id=11648, stack(0x0000000049bd0000,0x0000000049cd0000)]
  0x000000001831a000 JavaThread "stdout" daemon [_thread_in_native, id=12256, stack(0x0000000049ad0000,0x0000000049bd0000)]
  0x000000001831b800 JavaThread "stderr" daemon [_thread_in_native, id=2736, stack(0x00000000499d0000,0x0000000049ad0000)]
  0x0000000018318800 JavaThread "stdout" daemon [_thread_in_native, id=8052, stack(0x00000000498d0000,0x00000000499d0000)]
  0x000000001831d000 JavaThread "stderr" daemon [_thread_in_native, id=2976, stack(0x00000000497d0000,0x00000000498d0000)]
  0x000000001831c800 JavaThread "pool-104-thread-1" [_thread_blocked, id=11500, stack(0x00000000496d0000,0x00000000497d0000)]
  0x0000000018319800 JavaThread "ForkJoinPool.commonPool-worker-3" daemon [_thread_blocked, id=12144, stack(0x00000000495d0000,0x00000000496d0000)]
  0x0000000018316800 JavaThread "ForkJoinPool.commonPool-worker-1" daemon [_thread_blocked, id=11592, stack(0x00000000493d0000,0x00000000494d0000)]
  0x0000000018315800 JavaThread "Task worker for ':' Thread 3" [_thread_blocked, id=11296, stack(0x00000000492d0000,0x00000000493d0000)]
  0x0000000018314000 JavaThread "Task worker for ':' Thread 2" [_thread_in_native, id=11292, stack(0x00000000491d0000,0x00000000492d0000)]
  0x0000000018317000 JavaThread "Task worker for ':'" [_thread_blocked, id=4144, stack(0x00000000490d0000,0x00000000491d0000)]
  0x0000000018315000 JavaThread "Cache worker for Build Output Cleanup Cache (E:\ArabCoders\NanoDegree\Apps\TourGuideApp\.gradle\buildOutputCleanup)" [_thread_blocked, id=12284, stack(0x0000000048fd0000,0x00000000490d0000)]
  0x0000000018313800 JavaThread "Cache worker for task history cache (E:\ArabCoders\NanoDegree\Apps\TourGuideApp\.gradle\4.6\taskHistory)" [_thread_blocked, id=11860, stack(0x0000000048ed0000,0x0000000048fd0000)]
  0x0000000018312000 JavaThread "Cache worker for file content cache (E:\ArabCoders\NanoDegree\Apps\TourGuideApp\.gradle\4.6\fileContent)" [_thread_blocked, id=11904, stack(0x0000000048dd0000,0x0000000048ed0000)]
  0x0000000018311000 JavaThread "Build operations Thread 4" [_thread_blocked, id=10160, stack(0x0000000048cd0000,0x0000000048dd0000)]
  0x000000001db2f800 JavaThread "Build operations Thread 3" [_thread_blocked, id=11776, stack(0x0000000048bd0000,0x0000000048cd0000)]
  0x000000001db27800 JavaThread "Build operations Thread 2" [_thread_blocked, id=11788, stack(0x0000000048ad0000,0x0000000048bd0000)]
  0x000000001db2e000 JavaThread "Build operations" [_thread_blocked, id=11884, stack(0x00000000489d0000,0x0000000048ad0000)]
  0x000000001db2d800 JavaThread "Cache worker for Artifact transforms cache (C:\Users\Sh4d0w\.gradle\caches\transforms-1)" [_thread_blocked, id=12260, stack(0x00000000488d0000,0x00000000489d0000)]
  0x000000001db26000 JavaThread "Cache worker for file hash cache (E:\ArabCoders\NanoDegree\Apps\TourGuideApp\.gradle\4.6\fileHashes)" [_thread_blocked, id=11868, stack(0x00000000487d0000,0x00000000488d0000)]
  0x000000001db2c800 JavaThread "Stdin handler" [_thread_blocked, id=12228, stack(0x00000000486d0000,0x00000000487d0000)]
  0x000000001db2c000 JavaThread "Asynchronous log dispatcher for DefaultDaemonConnection: socket connection from /127.0.0.1:2044 to /127.0.0.1:3747" [_thread_blocked, id=216, stack(0x00000000485d0000,0x00000000486d0000)]
  0x000000001db2b000 JavaThread "Daemon worker Thread 10" [_thread_blocked, id=10620, stack(0x00000000484d0000,0x00000000485d0000)]
  0x000000001db23800 JavaThread "Cancel handler" [_thread_blocked, id=11408, stack(0x00000000483d0000,0x00000000484d0000)]
  0x000000001db2a800 JavaThread "Handler for socket connection from /127.0.0.1:2044 to /127.0.0.1:3747" [_thread_in_native, id=12148, stack(0x00000000482d0000,0x00000000483d0000)]
  0x000000001db29800 JavaThread "Daemon Thread 10" [_thread_blocked, id=12048, stack(0x00000000481d0000,0x00000000482d0000)]
  0x000000001db23000 JavaThread "MarlinRenderer Disposer" daemon [_thread_blocked, id=7220, stack(0x00000000291d0000,0x00000000292d0000)]
  0x000000001db29000 JavaThread "Java2D Disposer" daemon [_thread_blocked, id=3120, stack(0x00000000290d0000,0x00000000291d0000)]
  0x000000001db21800 JavaThread "pool-1-thread-1" [_thread_blocked, id=11016, stack(0x0000000022e60000,0x0000000022f60000)]
  0x000000001aca5000 JavaThread "Memory manager" [_thread_blocked, id=212, stack(0x0000000020410000,0x0000000020510000)]
  0x00000000192f4000 JavaThread "File lock request listener" [_thread_in_native, id=10808, stack(0x000000001b8d0000,0x000000001b9d0000)]
  0x00000000190e0000 JavaThread "Cache worker for file hash cache (C:\Users\Sh4d0w\.gradle\caches\4.6\fileHashes)" [_thread_blocked, id=6752, stack(0x000000001a800000,0x000000001a900000)]
  0x0000000018cb8800 JavaThread "Daemon periodic checks" [_thread_blocked, id=9632, stack(0x0000000019d00000,0x0000000019e00000)]
  0x0000000018dd0000 JavaThread "Incoming local TCP Connector on port 2044" [_thread_in_native, id=1508, stack(0x0000000019ac0000,0x0000000019bc0000)]
  0x000000001771d000 JavaThread "Service Thread" daemon [_thread_blocked, id=10744, stack(0x0000000017bb0000,0x0000000017cb0000)]
  0x00000000176ec000 JavaThread "C1 CompilerThread2" daemon [_thread_blocked, id=3092, stack(0x0000000017ab0000,0x0000000017bb0000)]
=>0x0000000015e59000 JavaThread "C2 CompilerThread1" daemon [_thread_in_vm, id=9064, stack(0x00000000175b0000,0x00000000176b0000)]
  0x0000000015e55000 JavaThread "C2 CompilerThread0" daemon [_thread_in_vm, id=9748, stack(0x00000000174b0000,0x00000000175b0000)]
  0x0000000015e54000 JavaThread "Attach Listener" daemon [_thread_blocked, id=8900, stack(0x00000000173b0000,0x00000000174b0000)]
  0x0000000015ea2800 JavaThread "Signal Dispatcher" daemon [_thread_blocked, id=11200, stack(0x00000000172b0000,0x00000000173b0000)]
  0x00000000024dc800 JavaThread "Finalizer" daemon [_thread_blocked, id=9508, stack(0x00000000170a0000,0x00000000171a0000)]
  0x00000000024d1800 JavaThread "Reference Handler" daemon [_thread_blocked, id=11092, stack(0x0000000016fa0000,0x00000000170a0000)]
  0x00000000023de000 JavaThread "main" [_thread_blocked, id=11144, stack(0x0000000002280000,0x0000000002380000)]

Other Threads:
  0x0000000015e15800 VMThread [stack: 0x0000000016ea0000,0x0000000016fa0000] [id=8764]
  0x000000001772d800 WatcherThread [stack: 0x0000000017cb0000,0x0000000017db0000] [id=9140]

VM state:not at safepoint (normal execution)

VM Mutex/Monitor currently owned by a thread: None

Heap:
 PSYoungGen      total 475136K, used 75518K [0x00000000e0000000, 0x0000000100000000, 0x0000000100000000)
  eden space 434176K, 10% used [0x00000000e0000000,0x00000000e2d2a9e0,0x00000000fa800000)
  from space 40960K, 71% used [0x00000000fd200000,0x00000000fee95070,0x00000000ffa00000)
  to   space 43008K, 0% used [0x00000000fa800000,0x00000000fa800000,0x00000000fd200000)
 ParOldGen       total 208384K, used 65209K [0x00000000a0000000, 0x00000000acb80000, 0x00000000e0000000)
  object space 208384K, 31% used [0x00000000a0000000,0x00000000a3fae730,0x00000000acb80000)
 Metaspace       used 92799K, capacity 98444K, committed 98816K, reserved 1136640K
  class space    used 11396K, capacity 12397K, committed 12544K, reserved 1048576K

Card table byte_map: [0x00000000118a0000,0x0000000011bb0000] byte_map_base: 0x00000000113a0000

Marking Bits: (ParMarkBitMap*) 0x000000005c635aa0
 Begin Bits: [0x00000000121b0000, 0x00000000139b0000)
 End Bits:   [0x00000000139b0000, 0x00000000151b0000)

Polling page: 0x0000000000c00000

CodeCache: size=245760Kb used=74779Kb max_used=75014Kb free=170980Kb
 bounds [0x00000000024e0000, 0x0000000006ea0000, 0x00000000114e0000]
 total_blobs=21423 nmethods=20455 adapters=878
 compilation: enabled

Compilation events (10 events):
Event: 5157.779 Thread 0x00000000176ec000 27246       3       com.squareup.javapoet.JavaFile$1::append (2 bytes)
Event: 5157.779 Thread 0x00000000176ec000 nmethod 27246 0x0000000002d8ec50 code [0x0000000002d8eda0, 0x0000000002d8eef0]
Event: 5157.781 Thread 0x00000000176ec000 27248       3       java.util.Collections$UnmodifiableList$1::<init> (35 bytes)
Event: 5157.782 Thread 0x00000000176ec000 nmethod 27248 0x00000000031804d0 code [0x0000000003180640, 0x0000000003180908]
Event: 5157.787 Thread 0x0000000015e55000 27250   !   4       com.sun.tools.javac.jvm.ClassReader$13::read (222 bytes)
Event: 5157.789 Thread 0x0000000015e59000 nmethod 27249 0x0000000003e707d0 code [0x0000000003e70980, 0x0000000003e71008]
Event: 5157.792 Thread 0x0000000015e59000 27251       4       com.sun.tools.javac.jvm.ClassReader$13::accepts (24 bytes)
Event: 5157.798 Thread 0x0000000015e59000 nmethod 27251 0x0000000003870bd0 code [0x0000000003870d20, 0x0000000003870eb8]
Event: 5157.801 Thread 0x0000000015e59000 27252       4       com.sun.tools.javac.jvm.ClassReader::enterClass (130 bytes)
Event: 5157.806 Thread 0x0000000015e55000 nmethod 27250 0x0000000003e72410 code [0x0000000003e72620, 0x0000000003e72f60]

GC Heap History (10 events):
Event: 2192.281 GC heap before
{Heap before GC invocations=47 (full 5):
 PSYoungGen      total 479232K, used 445789K [0x00000000e0000000, 0x00000000ffd00000, 0x0000000100000000)
  eden space 436224K, 99% used [0x00000000e0000000,0x00000000fa9f2128,0x00000000faa00000)
  from space 43008K, 22% used [0x00000000faa00000,0x00000000fb3656a8,0x00000000fd400000)
  to   space 41472K, 0% used [0x00000000fd480000,0x00000000fd480000,0x00000000ffd00000)
 ParOldGen       total 208384K, used 65185K [0x00000000a0000000, 0x00000000acb80000, 0x00000000e0000000)
  object space 208384K, 31% used [0x00000000a0000000,0x00000000a3fa8730,0x00000000acb80000)
 Metaspace       used 91810K, capacity 97494K, committed 98816K, reserved 1136640K
  class space    used 11326K, capacity 12320K, committed 12544K, reserved 1048576K
Event: 2192.295 GC heap after
Heap after GC invocations=47 (full 5):
 PSYoungGen      total 479744K, used 9314K [0x00000000e0000000, 0x00000000ffb80000, 0x0000000100000000)
  eden space 439808K, 0% used [0x00000000e0000000,0x00000000e0000000,0x00000000fad80000)
  from space 39936K, 23% used [0x00000000fd480000,0x00000000fdd98a20,0x00000000ffb80000)
  to   space 39936K, 0% used [0x00000000fad80000,0x00000000fad80000,0x00000000fd480000)
 ParOldGen       total 208384K, used 65193K [0x00000000a0000000, 0x00000000acb80000, 0x00000000e0000000)
  object space 208384K, 31% used [0x00000000a0000000,0x00000000a3faa730,0x00000000acb80000)
 Metaspace       used 91810K, capacity 97494K, committed 98816K, reserved 1136640K
  class space    used 11326K, capacity 12320K, committed 12544K, reserved 1048576K
}
Event: 2200.214 GC heap before
{Heap before GC invocations=48 (full 5):
 PSYoungGen      total 479744K, used 449122K [0x00000000e0000000, 0x00000000ffb80000, 0x0000000100000000)
  eden space 439808K, 100% used [0x00000000e0000000,0x00000000fad80000,0x00000000fad80000)
  from space 39936K, 23% used [0x00000000fd480000,0x00000000fdd98a20,0x00000000ffb80000)
  to   space 39936K, 0% used [0x00000000fad80000,0x00000000fad80000,0x00000000fd480000)
 ParOldGen       total 208384K, used 65193K [0x00000000a0000000, 0x00000000acb80000, 0x00000000e0000000)
  object space 208384K, 31% used [0x00000000a0000000,0x00000000a3faa730,0x00000000acb80000)
 Metaspace       used 91925K, capacity 97570K, committed 98816K, reserved 1136640K
  class space    used 11329K, capacity 12320K, committed 12544K, reserved 1048576K
Event: 2200.260 GC heap after
Heap after GC invocations=48 (full 5):
 PSYoungGen      total 479744K, used 39532K [0x00000000e0000000, 0x0000000100000000, 0x0000000100000000)
  eden space 439808K, 0% used [0x00000000e0000000,0x00000000e0000000,0x00000000fad80000)
  from space 39936K, 98% used [0x00000000fad80000,0x00000000fd41b3b8,0x00000000fd480000)
  to   space 44544K, 0% used [0x00000000fd480000,0x00000000fd480000,0x0000000100000000)
 ParOldGen       total 208384K, used 65193K [0x00000000a0000000, 0x00000000acb80000, 0x00000000e0000000)
  object space 208384K, 31% used [0x00000000a0000000,0x00000000a3faa730,0x00000000acb80000)
 Metaspace       used 91925K, capacity 97570K, committed 98816K, reserved 1136640K
  class space    used 11329K, capacity 12320K, committed 12544K, reserved 1048576K
}
Event: 2205.552 GC heap before
{Heap before GC invocations=49 (full 5):
 PSYoungGen      total 479744K, used 478651K [0x00000000e0000000, 0x0000000100000000, 0x0000000100000000)
  eden space 439808K, 99% used [0x00000000e0000000,0x00000000facd39a0,0x00000000fad80000)
  from space 39936K, 98% used [0x00000000fad80000,0x00000000fd41b3b8,0x00000000fd480000)
  to   space 44544K, 0% used [0x00000000fd480000,0x00000000fd480000,0x0000000100000000)
 ParOldGen       total 208384K, used 65193K [0x00000000a0000000, 0x00000000acb80000, 0x00000000e0000000)
  object space 208384K, 31% used [0x00000000a0000000,0x00000000a3faa730,0x00000000acb80000)
 Metaspace       used 91978K, capacity 97570K, committed 98816K, reserved 1136640K
  class space    used 11329K, capacity 12320K, committed 12544K, reserved 1048576K
Event: 2205.565 GC heap after
Heap after GC invocations=49 (full 5):
 PSYoungGen      total 480768K, used 17052K [0x00000000e0000000, 0x0000000100000000, 0x0000000100000000)
  eden space 436224K, 0% used [0x00000000e0000000,0x00000000e0000000,0x00000000faa00000)
  from space 44544K, 38% used [0x00000000fd480000,0x00000000fe527260,0x0000000100000000)
  to   space 43520K, 0% used [0x00000000faa00000,0x00000000faa00000,0x00000000fd480000)
 ParOldGen       total 208384K, used 65201K [0x00000000a0000000, 0x00000000acb80000, 0x00000000e0000000)
  object space 208384K, 31% used [0x00000000a0000000,0x00000000a3fac730,0x00000000acb80000)
 Metaspace       used 91978K, capacity 97570K, committed 98816K, reserved 1136640K
  class space    used 11329K, capacity 12320K, committed 12544K, reserved 1048576K
}
Event: 2281.990 GC heap before
{Heap before GC invocations=50 (full 5):
 PSYoungGen      total 480768K, used 452998K [0x00000000e0000000, 0x0000000100000000, 0x0000000100000000)
  eden space 436224K, 99% used [0x00000000e0000000,0x00000000fa9ba668,0x00000000faa00000)
  from space 44544K, 38% used [0x00000000fd480000,0x00000000fe527260,0x0000000100000000)
  to   space 43520K, 0% used [0x00000000faa00000,0x00000000faa00000,0x00000000fd480000)
 ParOldGen       total 208384K, used 65201K [0x00000000a0000000, 0x00000000acb80000, 0x00000000e0000000)
  object space 208384K, 31% used [0x00000000a0000000,0x00000000a3fac730,0x00000000acb80000)
 Metaspace       used 92059K, capacity 97728K, committed 98816K, reserved 1136640K
  class space    used 11331K, capacity 12325K, committed 12544K, reserved 1048576K
Event: 2282.019 GC heap after
Heap after GC invocations=50 (full 5):
 PSYoungGen      total 453632K, used 17403K [0x00000000e0000000, 0x00000000ffa00000, 0x0000000100000000)
  eden space 436224K, 0% used [0x00000000e0000000,0x00000000e0000000,0x00000000faa00000)
  from space 17408K, 99% used [0x00000000faa00000,0x00000000fbafed00,0x00000000fbb00000)
  to   space 40960K, 0% used [0x00000000fd200000,0x00000000fd200000,0x00000000ffa00000)
 ParOldGen       total 208384K, used 65201K [0x00000000a0000000, 0x00000000acb80000, 0x00000000e0000000)
  object space 208384K, 31% used [0x00000000a0000000,0x00000000a3fac730,0x00000000acb80000)
 Metaspace       used 92059K, capacity 97728K, committed 98816K, reserved 1136640K
  class space    used 11331K, capacity 12325K, committed 12544K, reserved 1048576K
}
Event: 5157.675 GC heap before
{Heap before GC invocations=51 (full 5):
 PSYoungGen      total 453632K, used 453627K [0x00000000e0000000, 0x00000000ffa00000, 0x0000000100000000)
  eden space 436224K, 100% used [0x00000000e0000000,0x00000000faa00000,0x00000000faa00000)
  from space 17408K, 99% used [0x00000000faa00000,0x00000000fbafed00,0x00000000fbb00000)
  to   space 40960K, 0% used [0x00000000fd200000,0x00000000fd200000,0x00000000ffa00000)
 ParOldGen       total 208384K, used 65201K [0x00000000a0000000, 0x00000000acb80000, 0x00000000e0000000)
  object space 208384K, 31% used [0x00000000a0000000,0x00000000a3fac730,0x00000000acb80000)
 Metaspace       used 92477K, capacity 98156K, committed 98816K, reserved 1136640K
  class space    used 11367K, capacity 12365K, committed 12544K, reserved 1048576K
Event: 5157.704 GC heap after
Heap after GC invocations=51 (full 5):
 PSYoungGen      total 475136K, used 29268K [0x00000000e0000000, 0x0000000100000000, 0x0000000100000000)
  eden space 434176K, 0% used [0x00000000e0000000,0x00000000e0000000,0x00000000fa800000)
  from space 40960K, 71% used [0x00000000fd200000,0x00000000fee95070,0x00000000ffa00000)
  to   space 43008K, 0% used [0x00000000fa800000,0x00000000fa800000,0x00000000fd200000)
 ParOldGen       total 208384K, used 65209K [0x00000000a0000000, 0x00000000acb80000, 0x00000000e0000000)
  object space 208384K, 31% used [0x00000000a0000000,0x00000000a3fae730,0x00000000acb80000)
 Metaspace       used 92477K, capacity 98156K, committed 98816K, reserved 1136640K
  class space    used 11367K, capacity 12365K, committed 12544K, reserved 1048576K
}

Deoptimization events (10 events):
Event: 2180.292 Thread 0x000000001db2b000 Uncommon trap: reason=unstable_if action=reinterpret pc=0x0000000002afc848 method=java.lang.ref.SoftReference.get()Ljava/lang/Object; @ 6
Event: 2180.306 Thread 0x000000001db2b000 Uncommon trap: reason=unstable_if action=reinterpret pc=0x00000000029ea2b4 method=java.lang.ref.SoftReference.get()Ljava/lang/Object; @ 6
Event: 2180.807 Thread 0x000000001db2b000 Uncommon trap: reason=unstable_if action=reinterpret pc=0x00000000069ae4e0 method=java.lang.ref.SoftReference.get()Ljava/lang/Object; @ 6
Event: 2180.807 Thread 0x000000001db2b000 Uncommon trap: reason=unstable_if action=reinterpret pc=0x000000000319f758 method=java.lang.ref.SoftReference.get()Ljava/lang/Object; @ 6
Event: 2180.807 Thread 0x000000001db2b000 Uncommon trap: reason=unstable_if action=reinterpret pc=0x00000000059c9b8c method=java.lang.ref.SoftReference.get()Ljava/lang/Object; @ 6
Event: 2181.806 Thread 0x000000001784a800 Uncommon trap: reason=unstable_if action=reinterpret pc=0x0000000006179c58 method=com.android.ide.common.resources.DataItem.isRemoved()Z @ 6
Event: 2181.840 Thread 0x000000001784a800 Uncommon trap: reason=unstable_if action=reinterpret pc=0x00000000060674c0 method=com.android.ide.common.resources.DataItem.isRemoved()Z @ 6
Event: 2182.461 Thread 0x000000001784a800 Uncommon trap: reason=unstable_if action=reinterpret pc=0x0000000006a20bcc method=com.android.ide.common.resources.DataItem.isRemoved()Z @ 6
Event: 2281.393 Thread 0x0000000018312000 Uncommon trap: reason=unstable_if action=reinterpret pc=0x000000000380fafc method=com.esotericsoftware.kryo.io.Output.writeLong(JZ)I @ 55
Event: 5157.348 Thread 0x0000000018314000 Uncommon trap: reason=bimorphic action=maybe_recompile pc=0x000000000500c380 method=com.google.gson.stream.JsonWriter.string(Ljava/lang/String;)V @ 23

Classes redefined (0 events):
No events

Internal exceptions (10 events):
Event: 5147.946 Thread 0x0000000018317000 Exception <a 'sun/nio/fs/WindowsException'> (0x00000000ed9683f8) thrown at [D:\src\AOSP-openjdk-cygwin\jdk8u\hotspot\src\share\vm\prims\jni.cpp, line 709]
Event: 5147.946 Thread 0x0000000018317000 Exception <a 'sun/nio/fs/WindowsException'> (0x00000000ed968988) thrown at [D:\src\AOSP-openjdk-cygwin\jdk8u\hotspot\src\share\vm\prims\jni.cpp, line 709]
Event: 5147.946 Thread 0x0000000018317000 Exception <a 'sun/nio/fs/WindowsException'> (0x00000000ed969920) thrown at [D:\src\AOSP-openjdk-cygwin\jdk8u\hotspot\src\share\vm\prims\jni.cpp, line 709]
Event: 5147.946 Thread 0x0000000018317000 Exception <a 'sun/nio/fs/WindowsException'> (0x00000000ed969ea0) thrown at [D:\src\AOSP-openjdk-cygwin\jdk8u\hotspot\src\share\vm\prims\jni.cpp, line 709]
Event: 5147.946 Thread 0x0000000018317000 Exception <a 'sun/nio/fs/WindowsException'> (0x00000000ed96af60) thrown at [D:\src\AOSP-openjdk-cygwin\jdk8u\hotspot\src\share\vm\prims\jni.cpp, line 709]
Event: 5147.946 Thread 0x0000000018317000 Exception <a 'sun/nio/fs/WindowsException'> (0x00000000ed96b4f0) thrown at [D:\src\AOSP-openjdk-cygwin\jdk8u\hotspot\src\share\vm\prims\jni.cpp, line 709]
Event: 5147.946 Thread 0x0000000018317000 Exception <a 'sun/nio/fs/WindowsException'> (0x00000000ed96c4b0) thrown at [D:\src\AOSP-openjdk-cygwin\jdk8u\hotspot\src\share\vm\prims\jni.cpp, line 709]
Event: 5147.946 Thread 0x0000000018317000 Exception <a 'sun/nio/fs/WindowsException'> (0x00000000ed96ca30) thrown at [D:\src\AOSP-openjdk-cygwin\jdk8u\hotspot\src\share\vm\prims\jni.cpp, line 709]
Event: 5148.003 Thread 0x000000001db2b000 Exception <a 'sun/nio/fs/WindowsException'> (0x00000000ec75a410) thrown at [D:\src\AOSP-openjdk-cygwin\jdk8u\hotspot\src\share\vm\prims\jni.cpp, line 709]
Event: 5157.348 Thread 0x0000000018314000 Exception <a 'sun/nio/fs/WindowsException'> (0x00000000f6cc2270) thrown at [D:\src\AOSP-openjdk-cygwin\jdk8u\hotspot\src\share\vm\prims\jni.cpp, line 709]

Events (10 events):
Event: 5157.771 Thread 0x00000000176ec000 flushing nmethod 0x0000000003e6fd10
Event: 5157.777 Thread 0x00000000176ec000 flushing nmethod 0x0000000004560d10
Event: 5157.778 Thread 0x00000000176ec000 flushing nmethod 0x00000000047d5610
Event: 5157.779 Thread 0x00000000176ec000 flushing nmethod 0x00000000048ac890
Event: 5157.781 Thread 0x00000000176ec000 flushing nmethod 0x0000000004cc9410
Event: 5157.782 Thread 0x00000000176ec000 flushing nmethod 0x0000000004d6b610
Event: 5157.782 Thread 0x00000000176ec000 flushing nmethod 0x0000000004d9a050
Event: 5157.784 Thread 0x00000000176ec000 flushing nmethod 0x000000000516fa90
Event: 5157.789 Thread 0x0000000015e59000 flushing nmethod 0x0000000005237310
Event: 5157.806 Thread 0x0000000015e55000 flushing nmethod 0x0000000005e0ef10


Dynamic libraries:
0x00007ff601a50000 - 0x00007ff601a81000 	C:\Program Files\Android\Android Studio\jre\bin\java.exe
0x00007ffe576f0000 - 0x00007ffe578d1000 	C:\WINDOWS\SYSTEM32\ntdll.dll
0x00007ffe56da0000 - 0x00007ffe56e52000 	C:\WINDOWS\System32\KERNEL32.DLL
0x00007ffe54410000 - 0x00007ffe54683000 	C:\WINDOWS\System32\KERNELBASE.dll
0x00007ffe57370000 - 0x00007ffe57411000 	C:\WINDOWS\System32\ADVAPI32.dll
0x00007ffe56d00000 - 0x00007ffe56d9e000 	C:\WINDOWS\System32\msvcrt.dll
0x00007ffe54ef0000 - 0x00007ffe54f4b000 	C:\WINDOWS\System32\sechost.dll
0x00007ffe57480000 - 0x00007ffe575a4000 	C:\WINDOWS\System32\RPCRT4.dll
0x00007ffe54cb0000 - 0x00007ffe54e40000 	C:\WINDOWS\System32\USER32.dll
0x00007ffe54b60000 - 0x00007ffe54b80000 	C:\WINDOWS\System32\win32u.dll
0x00007ffe54e40000 - 0x00007ffe54e68000 	C:\WINDOWS\System32\GDI32.dll
0x00007ffe54710000 - 0x00007ffe548a2000 	C:\WINDOWS\System32\gdi32full.dll
0x00007ffe54a60000 - 0x00007ffe54aff000 	C:\WINDOWS\System32\msvcp_win.dll
0x00007ffe54960000 - 0x00007ffe54a5a000 	C:\WINDOWS\System32\ucrtbase.dll
0x00007ffe485e0000 - 0x00007ffe48849000 	C:\WINDOWS\WinSxS\amd64_microsoft.windows.common-controls_6595b64144ccf1df_6.0.17134.345_none_fb429a5930656358\COMCTL32.dll
0x00007ffe54f50000 - 0x00007ffe55273000 	C:\WINDOWS\System32\combase.dll
0x00007ffe54690000 - 0x00007ffe5470a000 	C:\WINDOWS\System32\bcryptPrimitives.dll
0x00007ffe56cc0000 - 0x00007ffe56ced000 	C:\WINDOWS\System32\IMM32.DLL
0x000000005c980000 - 0x000000005ca52000 	C:\Program Files\Android\Android Studio\jre\jre\bin\msvcr100.dll
0x000000005be70000 - 0x000000005c6b1000 	C:\Program Files\Android\Android Studio\jre\jre\bin\server\jvm.dll
0x00007ffe56cb0000 - 0x00007ffe56cb8000 	C:\WINDOWS\System32\PSAPI.DLL
0x00007ffe4a3e0000 - 0x00007ffe4a3e9000 	C:\WINDOWS\SYSTEM32\WSOCK32.dll
0x00007ffe51870000 - 0x00007ffe51893000 	C:\WINDOWS\SYSTEM32\WINMM.dll
0x00007ffe56fe0000 - 0x00007ffe5704c000 	C:\WINDOWS\System32\WS2_32.dll
0x00007ffe4d130000 - 0x00007ffe4d13a000 	C:\WINDOWS\SYSTEM32\VERSION.dll
0x00007ffe516c0000 - 0x00007ffe516ea000 	C:\WINDOWS\SYSTEM32\WINMMBASE.dll
0x00007ffe53ac0000 - 0x00007ffe53b09000 	C:\WINDOWS\System32\cfgmgr32.dll
0x00007ffe3db00000 - 0x00007ffe3db0f000 	C:\Program Files\Android\Android Studio\jre\jre\bin\verify.dll
0x00007ffe1de40000 - 0x00007ffe1de69000 	C:\Program Files\Android\Android Studio\jre\jre\bin\java.dll
0x00007ffe3dae0000 - 0x00007ffe3daf6000 	C:\Program Files\Android\Android Studio\jre\jre\bin\zip.dll
0x00007ffe556d0000 - 0x00007ffe56b0f000 	C:\WINDOWS\System32\SHELL32.dll
0x00007ffe57610000 - 0x00007ffe576b9000 	C:\WINDOWS\System32\shcore.dll
0x00007ffe53d00000 - 0x00007ffe5440d000 	C:\WINDOWS\System32\windows.storage.dll
0x00007ffe575b0000 - 0x00007ffe57601000 	C:\WINDOWS\System32\shlwapi.dll
0x00007ffe53a60000 - 0x00007ffe53a71000 	C:\WINDOWS\System32\kernel.appcore.dll
0x00007ffe53a80000 - 0x00007ffe53a9f000 	C:\WINDOWS\System32\profapi.dll
0x00007ffe53a00000 - 0x00007ffe53a4c000 	C:\WINDOWS\System32\powrprof.dll
0x00007ffe53a50000 - 0x00007ffe53a5a000 	C:\WINDOWS\System32\FLTLIB.DLL
0x00007ffe2fb20000 - 0x00007ffe2fb3a000 	C:\Program Files\Android\Android Studio\jre\jre\bin\net.dll
0x00007ffe53280000 - 0x00007ffe532e6000 	C:\WINDOWS\system32\mswsock.dll
0x00007ffe1de20000 - 0x00007ffe1de31000 	C:\Program Files\Android\Android Studio\jre\jre\bin\nio.dll
0x00007ffe46490000 - 0x00007ffe464ae000 	C:\Users\Sh4d0w\.gradle\native\25\windows-amd64\native-platform.dll
0x00007ffe346b0000 - 0x00007ffe346bd000 	C:\Program Files\Android\Android Studio\jre\jre\bin\management.dll
0x00007ffe53430000 - 0x00007ffe53447000 	C:\WINDOWS\SYSTEM32\CRYPTSP.dll
0x00007ffe52e60000 - 0x00007ffe52e93000 	C:\WINDOWS\system32\rsaenh.dll
0x00007ffe53560000 - 0x00007ffe53585000 	C:\WINDOWS\SYSTEM32\bcrypt.dll
0x00007ffe53900000 - 0x00007ffe53928000 	C:\WINDOWS\SYSTEM32\USERENV.dll
0x00007ffe53450000 - 0x00007ffe5345b000 	C:\WINDOWS\SYSTEM32\CRYPTBASE.dll
0x00007ffe53000000 - 0x00007ffe53038000 	C:\WINDOWS\SYSTEM32\IPHLPAPI.DLL
0x00007ffe56cf0000 - 0x00007ffe56cf8000 	C:\WINDOWS\System32\NSI.dll
0x00007ffe49b20000 - 0x00007ffe49b36000 	C:\WINDOWS\SYSTEM32\dhcpcsvc6.DLL
0x00007ffe49780000 - 0x00007ffe4979a000 	C:\WINDOWS\SYSTEM32\dhcpcsvc.DLL
0x00007ffe51960000 - 0x00007ffe519eb000 	C:\WINDOWS\system32\apphelp.dll
0x00007ffe22e70000 - 0x00007ffe23007000 	C:\Program Files\Android\Android Studio\jre\jre\bin\awt.dll
0x00007ffe54be0000 - 0x00007ffe54ca2000 	C:\WINDOWS\System32\OLEAUT32.dll
0x00007ffe501d0000 - 0x00007ffe50797000 	C:\WINDOWS\SYSTEM32\d2d1.dll
0x00007ffe520b0000 - 0x00007ffe520d9000 	C:\WINDOWS\system32\DWMAPI.DLL
0x00007ffe51cf0000 - 0x00007ffe51d88000 	C:\WINDOWS\system32\uxtheme.dll
0x00007ffe52ba0000 - 0x00007ffe52bd1000 	C:\WINDOWS\SYSTEM32\ntmarta.dll

VM Arguments:
jvm_args: -Xmx1536m -Dfile.encoding=windows-1256 -Duser.country=US -Duser.language=en -Duser.variant 
java_command: org.gradle.launcher.daemon.bootstrap.GradleDaemon 4.6
java_class_path (initial): C:\Users\Sh4d0w\.gradle\wrapper\dists\gradle-4.6-all\bcst21l2brirad8k2ben1letg\gradle-4.6\lib\gradle-launcher-4.6.jar
Launcher Type: SUN_STANDARD

Environment Variables:
JAVA_HOME=C:\Program Files (x86)\Java\jdk1.8.0_181
PATH=C:\Program Files\ImageMagick-7.0.8-Q16;C:\Program Files (x86)\Common Files\Oracle\Java\javapath;C:\WINDOWS\system32;C:\WINDOWS;C:\WINDOWS\System32\Wbem;C:\WINDOWS\System32\WindowsPowerShell\v1.0\;C:\WINDOWS\System32\OpenSSH\;C:\Program Files\Microsoft SQL Server\110\DTS\Binn\;C:\Program Files (x86)\Microsoft SQL Server\110\Tools\Binn\;C:\Program Files\Microsoft SQL Server\110\Tools\Binn\;C:\Program Files (x86)\Microsoft SQL Server\110\Tools\Binn\ManagementStudio\;C:\Program Files (x86)\Microsoft Visual Studio 10.0\Common7\IDE\PrivateAssemblies\;C:\Program Files (x86)\Microsoft SQL Server\110\DTS\Binn\;C:\Program Files\Microsoft SQL Server\120\Tools\Binn\;C:\Program Files\dotnet\;C:\Python32;C:\Python37;C:\Program Files\Microsoft SQL Server\130\Tools\Binn\;C:\Program Files (x86)\Microsoft Emulator Manager\1.0\;C:\Users\Sh4d0w\AppData\Local\Microsoft\WindowsApps;C:\Users\Sh4d0w\AppData\Local\Programs\Microsoft VS Code\bin;C:\Users\Sh4d0w\AppData\Local\GitHubDesktop\bin
USERNAME=Sh4d0w
OS=Windows_NT
PROCESSOR_IDENTIFIER=Intel64 Family 6 Model 69 Stepping 1, GenuineIntel



---------------  S Y S T E M  ---------------

OS: Windows 10.0 , 64 bit Build 17134 (10.0.17134.1)

CPU:total 4 (initial active 4) (2 cores per cpu, 2 threads per core) family 6 model 69 stepping 1, cmov, cx8, fxsr, mmx, sse, sse2, sse3, ssse3, sse4.1, sse4.2, popcnt, avx, avx2, aes, clmul, erms, lzcnt, ht, tsc, tscinvbit, bmi1, bmi2

Memory: 4k page, physical 8291776k(1603864k free), swap 14321088k(6360084k free)

vm_info: OpenJDK 64-Bit Server VM (25.152-b06) for windows-amd64 JRE (1.8.0_152-release-1136-b06), built by "builder" with MS VC++ 10.0 (VS2010)

time: Fri Nov 09 22:19:29 2018
elapsed time: 5157 seconds (0d 1h 25m 57s)

