JvmtiExport can_access_local_variables 0
JvmtiExport can_hotswap_or_post_breakpoint 0
JvmtiExport can_post_on_exceptions 0
# 229 ciObject found
ciMethod java/lang/Object <init> ()V 4097 1 13766081 0 0
ciMethod java/lang/Object hashCode ()I 2049 1 256 0 -1
ciMethod java/lang/Object equals (Ljava/lang/Object;)Z 2369 1 78713 0 64
ciMethod java/lang/String valueOf (Ljava/lang/Object;)Ljava/lang/String; 769 1 28844 0 -1
ciMethod java/lang/System arraycopy (Ljava/lang/Object;ILjava/lang/Object;II)V 5121 1 640 0 -1
ciMethod java/lang/ref/Reference get ()Ljava/lang/Object; 2049 1 256 0 -1
ciMethod java/util/Map get (Ljava/lang/Object;)Ljava/lang/Object; 0 0 1 0 -1
ciMethod java/util/Map put (Ljava/lang/Object;Ljava/lang/Object;)Ljava/lang/Object; 0 0 1 0 -1
ciMethod java/util/HashMap hash (Ljava/lang/Object;)I 2089 1 440673 0 160
ciMethod java/util/HashMap comparableClassFor (Ljava/lang/Object;)Ljava/lang/Class; 3153 1 394 0 -1
ciMethod java/util/HashMap compareComparables (Ljava/lang/Class;Ljava/lang/Object;Ljava/lang/Object;)I 0 0 1 0 -1
ciMethod java/util/HashMap get (Ljava/lang/Object;)Ljava/lang/Object; 2049 1 88303 0 672
ciMethod java/util/HashMap getNode (ILjava/lang/Object;)Ljava/util/HashMap$Node; 376897 27809 76349 0 416
ciMethod java/util/HashMap put (Ljava/lang/Object;Ljava/lang/Object;)Ljava/lang/Object; 1273 1 174465 0 1248
ciMethod java/util/HashMap putVal (ILjava/lang/Object;Ljava/lang/Object;ZZ)Ljava/lang/Object; 1297 17 28983 0 1184
ciMethod java/util/HashMap resize ()[Ljava/util/HashMap$Node; 433 337 11439 0 -1
ciMethod java/util/HashMap treeifyBin ([Ljava/util/HashMap$Node;I)V 1 1 37 0 0
ciMethod java/util/HashMap newNode (ILjava/lang/Object;Ljava/lang/Object;Ljava/util/HashMap$Node;)Ljava/util/HashMap$Node; 2049 1 5376 0 224
ciMethod java/util/HashMap newTreeNode (ILjava/lang/Object;Ljava/lang/Object;Ljava/util/HashMap$Node;)Ljava/util/HashMap$TreeNode; 73 1 9 0 -1
ciMethod java/util/HashMap replacementTreeNode (Ljava/util/HashMap$Node;Ljava/util/HashMap$Node;)Ljava/util/HashMap$TreeNode; 673 1 84 0 -1
ciMethod java/util/HashMap afterNodeAccess (Ljava/util/HashMap$Node;)V 2049 1 1280 0 0
ciMethod java/util/HashMap afterNodeInsertion (Z)V 2049 1 1301 0 0
ciMethod java/util/HashMap$Node <init> (ILjava/lang/Object;Ljava/lang/Object;Ljava/util/HashMap$Node;)V 2137 1 14603 0 96
ciMethodData java/lang/Object <init> ()V 2 13766081 orig 264 56 173 65 92 0 0 0 0 128 4 75 21 0 0 0 0 32 1 0 0 0 0 0 0 0 0 0 0 0 0 0 0 0 0 0 0 0 0 0 0 0 0 0 0 0 0 0 0 0 0 0 0 0 0 0 0 0 0 0 0 0 0 0 0 0 0 0 0 0 0 0 0 0 0 0 0 0 0 0 0 77 68 79 32 101 120 116 114 97 32 100 97 116 97 32 108 111 99 107 0 0 0 0 0 0 0 0 0 0 0 0 0 0 0 0 0 0 0 0 0 0 0 0 0 0 0 0 0 0 0 0 0 0 0 0 0 0 0 0 0 0 0 0 0 0 0 0 0 0 0 0 0 0 0 0 0 0 0 0 0 0 0 0 0 0 0 0 0 0 0 0 0 0 0 0 0 0 0 0 0 0 0 0 0 1 0 0 0 0 0 0 0 1 0 0 0 0 0 0 0 1 0 0 0 0 0 0 0 0 0 0 0 0 0 0 0 0 2 0 0 9 94 144 6 1 0 0 0 0 0 0 0 0 0 0 0 2 0 0 0 0 0 3 0 1 0 0 0 0 0 0 0 255 255 255 255 0 0 0 0 0 0 0 0 data 0 oops 0
ciMethod java/util/HashMap$TreeNode root ()Ljava/util/HashMap$TreeNode; 1 1 1 0 -1
ciMethod java/util/HashMap$TreeNode moveRootToFront ([Ljava/util/HashMap$Node;Ljava/util/HashMap$TreeNode;)V 225 1 28 0 -1
ciMethod java/util/HashMap$TreeNode find (ILjava/lang/Object;Ljava/lang/Class;)Ljava/util/HashMap$TreeNode; 73 89 95 0 -1
ciMethod java/util/HashMap$TreeNode getTreeNode (ILjava/lang/Object;)Ljava/util/HashMap$TreeNode; 9 1 10 0 0
ciMethod java/util/HashMap$TreeNode tieBreakOrder (Ljava/lang/Object;Ljava/lang/Object;)I 2649 1 331 0 -1
ciMethod java/util/HashMap$TreeNode treeify ([Ljava/util/HashMap$Node;)V 121 2569 15 0 -1
ciMethod java/util/HashMap$TreeNode putTreeVal (Ljava/util/HashMap;[Ljava/util/HashMap$Node;ILjava/lang/Object;Ljava/lang/Object;)Ljava/util/HashMap$TreeNode; 17 41 12 0 0
ciMethod java/util/HashMap$TreeNode split (Ljava/util/HashMap;[Ljava/util/HashMap$Node;II)V 17 153 4 0 -1
ciMethod java/util/HashMap$TreeNode balanceInsertion (Ljava/util/HashMap$TreeNode;Ljava/util/HashMap$TreeNode;)Ljava/util/HashMap$TreeNode; 1089 745 136 0 -1
ciMethodData java/util/HashMap hash (Ljava/lang/Object;)I 2 440673 orig 264 56 173 65 92 0 0 0 0 160 142 89 21 0 0 0 0 176 1 0 0 0 0 0 0 0 0 0 0 0 0 0 0 0 0 0 0 0 0 0 0 0 0 0 0 0 0 0 0 0 0 0 0 0 0 0 0 0 0 0 0 0 0 0 0 0 0 0 0 0 0 0 0 0 0 0 0 0 0 0 0 77 68 79 32 101 120 116 114 97 32 100 97 116 97 32 108 111 99 107 0 0 0 0 0 0 0 0 0 0 0 0 0 0 0 0 0 0 0 0 0 0 0 0 0 0 0 0 0 0 0 0 0 0 0 0 0 0 0 0 0 0 0 0 0 0 0 0 0 0 0 0 0 0 0 0 0 0 0 0 0 0 0 0 0 0 0 0 0 0 0 0 0 0 0 0 0 0 0 0 2 0 0 0 0 17 0 0 0 0 0 0 0 0 0 0 0 0 0 0 0 0 0 0 0 0 0 0 0 0 0 0 0 0 0 0 0 5 1 0 0 225 194 53 0 1 0 0 0 252 83 0 0 0 0 0 0 2 0 0 0 0 0 6 0 2 0 0 0 104 0 0 0 255 255 255 255 7 224 1 0 0 0 0 0 data 13 0x1e007 0x6b835 0x38 0x2a 0x50003 0x2a 0x48 0x90005 0x26b1e 0x24b9560 0x4f8 0x24b8ea0 0x44553 oops 2 9 java/security/ProtectionDomain 11 java/lang/String
ciMethodData java/util/HashMap getNode (ILjava/lang/Object;)Ljava/util/HashMap$Node; 2 76349 orig 264 56 173 65 92 0 0 0 0 80 152 89 21 0 0 0 0 8 4 0 0 96 1 0 0 0 0 0 0 0 0 0 0 0 0 0 0 0 0 0 0 0 0 0 0 0 0 0 0 0 0 0 0 0 0 0 0 0 0 0 0 0 0 0 0 0 0 0 0 0 0 0 0 0 0 0 0 0 0 0 0 77 68 79 32 101 120 116 114 97 32 100 97 116 97 32 108 111 99 107 0 0 0 0 0 0 0 0 0 0 0 0 0 0 0 0 0 0 0 0 0 0 0 0 0 0 0 0 0 0 0 0 0 0 0 0 0 0 0 0 0 0 0 0 0 3 0 0 0 1 0 0 0 0 0 0 0 0 0 0 0 0 0 0 0 0 0 0 0 0 0 0 0 0 0 0 0 0 0 0 5 0 0 0 0 17 0 0 0 0 0 0 0 0 0 0 0 0 0 0 0 1 0 0 0 0 0 0 0 0 0 0 0 0 0 0 0 0 1 0 0 169 145 3 0 209 45 0 0 24 60 0 0 84 2 0 0 2 0 0 0 2 0 45 0 2 0 0 0 176 2 0 0 255 255 255 255 7 0 6 0 0 0 0 0 data 86 0x60007 0xbce 0x2b0 0x6667 0xe0007 0x0 0x290 0x6667 0x1c0007 0x1f94 0x270 0x46d3 0x250007 0x18d0 0xb0 0x2e03 0x310007 0x100b 0x90 0x1df8 0x35e007 0x2 0x70 0x1df7 0x3b0005 0x77c 0x24b8ea0 0x1221 0x15e3b510 0x45a 0x3ee007 0xbc 0x20 0x1d3e 0x4c0007 0xdac 0x1a0 0xbe2 0x510004 0xfffffffffffff41f 0x1e546430 0x3b 0x1f24c140 0x1 0x54e007 0xbe1 0x80 0x3 0x590004 0x0 0x1f24c140 0x3 0x0 0x0 0x5e0005 0x3 0x0 0x0 0x0 0x0 0x680007 0x5b8 0xb0 0x8a0 0x740007 0x298 0x90 0x608 0x780007 0x0 0x70 0x608 0x7e0005 0x272 0x24b8ea0 0x395 0x15e3b120 0x1 0x810007 0xa 0x20 0x5fe 0x8f0007 0x277 0xffffffffffffff50 0x34b oops 7 26 java/lang/String 28 java/security/CodeSource 40 java/util/HashMap$Node 42 java/util/HashMap$TreeNode 50 java/util/HashMap$TreeNode 74 java/lang/String 76 java/io/File
ciMethodData java/util/HashMap put (Ljava/lang/Object;Ljava/lang/Object;)Ljava/lang/Object; 2 174465 orig 264 56 173 65 92 0 0 0 0 144 153 89 21 0 0 0 0 152 1 0 0 0 0 0 0 0 0 0 0 0 0 0 0 0 0 0 0 0 0 0 0 0 0 0 0 0 0 0 0 0 0 0 0 0 0 0 0 0 0 0 0 0 0 0 0 0 0 0 0 0 0 0 0 0 0 0 0 0 0 0 0 77 68 79 32 101 120 116 114 97 32 100 97 116 97 32 108 111 99 107 0 0 0 0 0 0 0 0 0 0 0 0 0 0 0 0 0 0 0 0 0 0 0 0 0 0 0 0 0 0 0 0 0 0 0 0 0 0 0 0 0 0 0 0 0 3 0 0 0 0 0 0 0 0 0 0 0 0 0 0 0 0 0 0 0 0 0 0 0 0 0 0 0 0 0 0 0 0 0 0 0 0 0 0 0 17 0 0 0 0 0 0 0 0 0 0 0 0 0 0 0 0 0 0 0 0 0 0 0 0 0 0 0 0 0 0 0 159 0 0 0 17 71 21 0 1 0 0 0 230 49 0 0 0 0 0 0 2 0 0 0 0 0 7 0 2 0 0 0 64 0 0 0 255 255 255 255 2 0 2 0 0 0 0 0 data 8 0x20002 0x2a8e1 0x90005 0xd88 0x1da15d60 0x1002c 0x1c754870 0x19b2f oops 2 4 java/util/LinkedHashMap 6 java/util/HashMap
ciMethodData java/util/HashMap putVal (ILjava/lang/Object;Ljava/lang/Object;ZZ)Ljava/lang/Object; 2 28983 orig 264 56 173 65 92 0 0 0 0 112 155 89 21 0 0 0 0 176 6 0 0 80 4 0 0 0 0 0 0 0 0 0 0 0 0 0 0 0 0 0 0 0 0 0 0 0 0 0 0 0 0 0 0 0 0 0 0 0 0 0 0 0 0 0 0 0 0 0 0 0 0 0 0 0 0 0 0 0 0 0 0 77 68 79 32 101 120 116 114 97 32 100 97 116 97 32 108 111 99 107 0 0 0 0 0 0 0 0 0 0 0 0 0 0 0 0 0 0 0 0 0 0 0 0 0 0 0 0 0 0 0 0 0 0 0 0 0 0 0 0 0 0 0 0 0 5 0 0 0 1 0 0 0 0 0 0 0 0 0 0 0 0 0 0 0 1 0 0 8 0 0 0 0 0 0 0 0 0 0 0 4 0 0 0 0 0 0 0 0 0 0 0 0 0 0 0 0 0 0 0 0 0 0 0 0 0 0 0 0 0 0 0 0 0 0 0 0 162 0 0 0 169 132 3 0 1 66 0 0 78 88 0 0 215 7 0 0 2 0 0 0 1 0 50 0 2 0 0 0 64 5 0 0 255 255 255 255 7 0 7 0 0 0 0 0 data 168 0x70007 0x16ae 0x40 0x59e7 0x100007 0x59e7 0x50 0x0 0x140005 0x4f 0x1da15d60 0xfec 0x1c754870 0x673 0x2c0007 0x2772 0x98 0x4923 0x380005 0x3e 0x1da15d60 0x294d 0x1c754870 0x1f98 0x3b0004 0x0 0x1c489e40 0x296f 0x1e546430 0x1fb4 0x3c0003 0x4923 0x3d0 0x450007 0x1a8c 0xc8 0xce6 0x510007 0x599 0x90 0x74d 0x55e007 0x2 0x88 0x74c 0x5bf005 0x53b 0x15e3b120 0x3f 0x24b8ea0 0x1d7 0x5e0007 0x1d7 0x38 0x57a 0x650003 0xb13 0x278 0x6a0004 0xffffffffffffe39e 0x1e546430 0x10e 0x1c489e40 0x4b 0x6d0007 0x1c62 0x98 0x3 0x720004 0x0 0x1f24c140 0x3 0x0 0x0 0x7b0005 0x2 0x1f24c140 0x1 0x0 0x0 0x800003 0x3 0x1b0 0x8e0007 0x9fd 0xb8 0x1aa5 0x980005 0x1b 0x1c754870 0xb28 0x1da15d60 0xf62 0xa2e007 0x1a9f 0x148 0x8 0xa90005 0x6 0x1da15d60 0x2 0x0 0x0 0xac0003 0x8 0xf8 0xb50007 0x6ab 0xc8 0x352 0xc10007 0xd7 0xc0 0x27b 0xc50007 0x0 0x88 0x27b 0xcb7005 0x224 0x15e3b120 0x10 0x24b8ea0 0x49 0xce0007 0x195 0x38 0xe8 0xd10003 0xe8 0x30 0xdb0003 0x840 0xfffffffffffffe80 0xe00007 0x1aaa 0x90 0xcd2 0xece007 0xc90 0x40 0x43 0xf10007 0x43 0x20 0x0 0xfdf005 0x56 0x1c754870 0x952 0x1da15d60 0x32d 0x11c0007 0x6103 0x50 0x2ca 0x1200005 0x1b 0x1da15d60 0x193 0x1c754870 0x11c 0x1270005 0x59 0x1da15d60 0x38b4 0x1c754870 0x2ac0 oops 23 10 java/util/LinkedHashMap 12 java/util/HashMap 20 java/util/LinkedHashMap 22 java/util/HashMap 26 java/util/LinkedHashMap$Entry 28 java/util/HashMap$Node 47 java/io/File 49 java/lang/String 60 java/util/HashMap$Node 62 java/util/LinkedHashMap$Entry 70 java/util/HashMap$TreeNode 76 java/util/HashMap$TreeNode 89 java/util/HashMap 91 java/util/LinkedHashMap 99 java/util/LinkedHashMap 120 java/io/File 122 java/lang/String 148 java/util/HashMap 150 java/util/LinkedHashMap 158 java/util/LinkedHashMap 160 java/util/HashMap 164 java/util/LinkedHashMap 166 java/util/HashMap
ciMethodData java/util/HashMap get (Ljava/lang/Object;)Ljava/lang/Object; 2 88303 orig 264 56 173 65 92 0 0 0 0 32 151 89 21 0 0 0 0 200 1 0 0 16 0 0 0 0 0 0 0 0 0 0 0 0 0 0 0 0 0 0 0 0 0 0 0 0 0 0 0 0 0 0 0 0 0 0 0 0 0 0 0 0 0 0 0 0 0 0 0 0 0 0 0 0 0 0 0 0 0 0 0 77 68 79 32 101 120 116 114 97 32 100 97 116 97 32 108 111 99 107 0 0 0 0 0 0 0 0 0 0 0 0 0 0 0 0 0 0 0 0 0 0 0 0 0 0 0 0 0 0 0 0 0 0 0 0 0 0 0 0 0 0 0 0 0 2 0 0 0 0 0 0 0 0 0 0 0 0 0 0 0 0 0 0 0 0 0 0 0 0 0 0 0 0 0 0 0 0 0 0 0 0 0 0 0 17 0 0 0 0 0 0 0 0 0 0 0 0 0 0 0 1 0 0 0 0 0 0 0 0 0 0 0 0 0 0 0 0 1 0 0 121 191 10 0 1 0 0 0 139 65 0 0 0 0 0 0 2 0 0 0 0 0 10 0 2 0 0 0 120 0 0 0 255 255 255 255 2 0 2 0 0 0 0 0 data 15 0x20002 0x157ef 0x60005 0x1ba 0x1c754870 0x14d21 0x1e547600 0x913 0xb0007 0x10c2d 0x38 0x4bc8 0xf0003 0x4bc9 0x18 oops 2 4 java/util/HashMap 6 com/sun/tools/javac/comp/CompileStates
ciMethodData java/util/HashMap$Node <init> (ILjava/lang/Object;Ljava/lang/Object;Ljava/util/HashMap$Node;)V 2 14603 orig 264 56 173 65 92 0 0 0 0 96 221 89 21 0 0 0 0 80 1 0 0 0 0 0 0 0 0 0 0 0 0 0 0 0 0 0 0 0 0 0 0 0 0 0 0 0 0 0 0 0 0 0 0 0 0 0 0 0 0 0 0 0 0 0 0 0 0 0 0 0 0 0 0 0 0 0 0 0 0 0 0 77 68 79 32 101 120 116 114 97 32 100 97 116 97 32 108 111 99 107 0 0 0 0 0 0 0 0 0 0 0 0 0 0 0 0 0 0 0 0 0 0 0 0 0 0 0 0 0 0 0 0 0 0 0 0 0 0 0 0 0 0 0 0 0 0 0 0 0 0 0 0 0 0 0 0 0 0 0 0 0 0 0 0 0 0 0 0 0 0 0 0 0 0 0 0 0 0 0 0 0 0 0 0 0 1 0 0 0 0 0 0 0 0 0 0 0 0 0 0 0 1 0 0 0 0 0 0 0 0 0 0 0 0 0 0 0 11 1 0 0 1 192 1 0 1 0 0 0 0 0 0 0 0 0 0 0 2 0 0 0 0 0 3 0 2 0 0 0 16 0 0 0 255 255 255 255 2 0 1 0 0 0 0 0 data 2 0x10002 0x3800 oops 0
ciMethodData java/util/HashMap newNode (ILjava/lang/Object;Ljava/lang/Object;Ljava/util/HashMap$Node;)Ljava/util/HashMap$Node; 2 5376 orig 264 56 173 65 92 0 0 0 0 0 183 89 21 0 0 0 0 80 1 0 0 0 0 0 0 0 0 0 0 0 0 0 0 0 0 0 0 0 0 0 0 0 0 0 0 0 0 0 0 0 0 0 0 0 0 0 0 0 0 0 0 0 0 0 0 0 0 0 0 0 0 0 0 0 0 0 0 0 0 0 0 77 68 79 32 101 120 116 114 97 32 100 97 116 97 32 108 111 99 107 0 0 0 0 0 0 0 0 0 0 0 0 0 0 0 0 0 0 0 0 0 0 0 0 0 0 0 0 0 0 0 0 0 0 0 0 0 0 0 0 0 0 0 0 0 0 0 0 0 0 0 0 0 0 0 0 0 0 0 0 0 0 0 0 0 0 0 0 0 0 0 0 0 0 0 0 0 0 0 0 0 0 0 0 0 13 0 0 0 0 0 0 0 1 0 0 0 0 0 0 0 1 0 0 0 0 0 0 0 0 0 0 0 0 0 0 0 0 1 0 0 1 160 0 0 1 0 0 0 0 0 0 0 0 0 0 0 2 0 0 0 0 0 3 0 2 0 0 0 16 0 0 0 255 255 255 255 2 0 9 0 0 0 0 0 data 2 0x90002 0x1400 oops 0
ciMethodData java/util/HashMap afterNodeInsertion (Z)V 2 1301 orig 264 56 173 65 92 0 0 0 0 200 186 89 21 0 0 0 0 40 1 0 0 0 0 0 0 0 0 0 0 0 0 0 0 0 0 0 0 0 0 0 0 0 0 0 0 0 0 0 0 0 0 0 0 0 0 0 0 0 0 0 0 0 0 0 0 0 0 0 0 0 0 0 0 0 0 0 0 0 0 0 0 77 68 79 32 101 120 116 114 97 32 100 97 116 97 32 108 111 99 107 0 0 0 0 0 0 0 0 0 0 0 0 0 0 0 0 0 0 0 0 0 0 0 0 0 0 0 0 0 0 0 0 0 0 0 0 0 0 0 0 0 0 0 0 0 0 0 0 0 0 0 0 0 0 0 0 0 0 0 0 0 0 0 0 0 0 0 0 0 0 0 0 0 0 0 0 0 0 0 0 0 0 0 0 0 1 0 0 0 0 0 0 0 1 0 0 0 0 0 0 0 1 0 0 0 0 0 0 0 0 0 0 0 0 0 0 0 0 1 0 0 169 32 0 0 1 0 0 0 0 0 0 0 0 0 0 0 2 0 0 0 0 0 3 0 1 0 0 0 0 0 0 0 255 255 255 255 0 0 0 0 0 0 0 0 data 0 oops 0
ciMethodData java/util/HashMap afterNodeAccess (Ljava/util/HashMap$Node;)V 2 1280 orig 264 56 173 65 92 0 0 0 0 56 186 89 21 0 0 0 0 40 1 0 0 0 0 0 0 0 0 0 0 0 0 0 0 0 0 0 0 0 0 0 0 0 0 0 0 0 0 0 0 0 0 0 0 0 0 0 0 0 0 0 0 0 0 0 0 0 0 0 0 0 0 0 0 0 0 0 0 0 0 0 0 77 68 79 32 101 120 116 114 97 32 100 97 116 97 32 108 111 99 107 0 0 0 0 0 0 0 0 0 0 0 0 0 0 0 0 0 0 0 0 0 0 0 0 0 0 0 0 0 0 0 0 0 0 0 0 0 0 0 0 0 0 0 0 0 0 0 0 0 0 0 0 0 0 0 0 0 0 0 0 0 0 0 0 0 0 0 0 0 0 0 0 0 0 0 0 0 0 0 0 0 0 0 0 0 1 0 0 0 0 0 0 0 3 0 0 0 0 0 0 0 3 0 0 0 0 0 0 0 0 0 0 0 0 0 0 0 0 1 0 0 1 32 0 0 1 0 0 0 0 0 0 0 0 0 0 0 2 0 0 0 0 0 3 0 1 0 0 0 0 0 0 0 255 255 255 255 0 0 0 0 0 0 0 0 data 0 oops 0
ciMethodData java/lang/Object equals (Ljava/lang/Object;)Z 2 78713 orig 264 56 173 65 92 0 0 0 0 232 6 75 21 0 0 0 0 136 1 0 0 0 0 0 0 0 0 0 0 0 0 0 0 0 0 0 0 0 0 0 0 0 0 0 0 0 0 0 0 0 0 0 0 0 0 0 0 0 0 0 0 0 0 0 0 0 0 0 0 0 0 0 0 0 0 0 0 0 0 0 0 77 68 79 32 101 120 116 114 97 32 100 97 116 97 32 108 111 99 107 0 0 0 0 0 0 0 0 0 0 0 0 0 0 0 0 0 0 0 0 0 0 0 0 0 0 0 0 0 0 0 0 0 0 0 0 0 0 0 0 0 0 0 0 0 0 0 0 0 0 0 0 0 0 0 0 0 0 0 0 0 0 0 0 0 0 0 0 0 0 0 0 0 0 0 0 0 0 0 0 0 0 0 0 0 1 0 0 0 0 0 0 0 0 0 0 0 0 0 0 0 3 0 0 0 0 0 0 0 0 0 0 0 0 0 0 0 40 1 0 0 137 146 9 0 1 0 0 0 0 0 0 0 0 0 0 0 2 0 0 0 0 0 6 0 2 0 0 0 56 0 0 0 255 255 255 255 7 0 2 0 0 0 0 0 data 7 0x20007 0xbe9a 0x38 0x73d3 0x60003 0x73dd 0x18 oops 0
ciMethod com/sun/tools/javac/util/Log format (Ljava/lang/String;[Ljava/lang/Object;)Ljava/lang/String; 0 0 1 0 -1
ciMethod com/sun/tools/javac/code/AnnoConstruct <init> ()V 2625 1 69021 0 0
ciMethod com/sun/tools/javac/code/Symbol$TypeSymbol <init> (IJLcom/sun/tools/javac/util/Name;Lcom/sun/tools/javac/code/Type;Lcom/sun/tools/javac/code/Symbol;)V 4097 1 13044 0 -1
ciMethod com/sun/tools/javac/code/Symbol$TypeSymbol formFullName (Lcom/sun/tools/javac/util/Name;Lcom/sun/tools/javac/code/Symbol;)Lcom/sun/tools/javac/util/Name; 4097 1 12625 0 -1
ciMethod com/sun/tools/javac/code/Symbol$TypeSymbol formFlatName (Lcom/sun/tools/javac/util/Name;Lcom/sun/tools/javac/code/Symbol;)Lcom/sun/tools/javac/util/Name; 3209 1 17272 0 -1
ciMethod com/sun/tools/javac/code/Type <init> (Lcom/sun/tools/javac/code/Symbol$TypeSymbol;)V 3625 1 62055 0 64
ciMethod com/sun/tools/javac/code/Type$ClassType <init> (Lcom/sun/tools/javac/code/Type;Lcom/sun/tools/javac/util/List;Lcom/sun/tools/javac/code/Symbol$TypeSymbol;)V 4097 1 10755 0 96
ciMethod com/sun/tools/javac/code/Symbol$ClassSymbol <init> (JLcom/sun/tools/javac/util/Name;Lcom/sun/tools/javac/code/Type;Lcom/sun/tools/javac/code/Symbol;)V 4097 1 9753 0 2336
ciMethod com/sun/tools/javac/code/Symbol$ClassSymbol <init> (JLcom/sun/tools/javac/util/Name;Lcom/sun/tools/javac/code/Symbol;)V 4097 1 9845 0 0
ciMethod com/sun/tools/javac/code/Symbol$PackageSymbol <init> (Lcom/sun/tools/javac/util/Name;Lcom/sun/tools/javac/code/Symbol;)V 681 1 2009 0 -1
ciMethod com/sun/tools/javac/util/Name$Table fromUtf ([BII)Lcom/sun/tools/javac/util/Name; 0 0 1 0 -1
ciMethod com/sun/tools/javac/util/Name$Table hashValue ([BII)I 1641 20337 2280 0 -1
ciMethod com/sun/tools/javac/util/Name$Table equals ([BI[BII)Z 1257 24009 8581 0 -1
ciMethod com/sun/tools/javac/util/UnsharedNameTable fromUtf ([BII)Lcom/sun/tools/javac/util/Name; 3073 9 27033 0 2656
ciMethod com/sun/tools/javac/util/Name isEmpty ()Z 4097 1 50217 0 64
ciMethod com/sun/tools/javac/util/Name lastIndexOf (B)I 2049 20161 3662 0 224
ciMethod com/sun/tools/javac/util/Name subName (II)Lcom/sun/tools/javac/util/Name; 2145 1 18929 0 0
ciMethod com/sun/tools/javac/util/Name getByteLength ()I 0 0 1 0 -1
ciMethod com/sun/tools/javac/util/Name getByteArray ()[B 0 0 1 0 -1
ciMethod com/sun/tools/javac/util/Name getByteOffset ()I 0 0 1 0 -1
ciMethod com/sun/tools/javac/util/UnsharedNameTable$NameImpl <init> (Lcom/sun/tools/javac/util/UnsharedNameTable;[BI)V 1793 1 2012 0 -1
ciMethod com/sun/tools/javac/util/UnsharedNameTable$NameImpl getByteLength ()I 3177 1 26716 0 0
ciMethod com/sun/tools/javac/util/UnsharedNameTable$NameImpl getByteArray ()[B 1825 1 228 0 0
ciMethod com/sun/tools/javac/util/UnsharedNameTable$NameImpl getByteOffset ()I 1825 1 228 0 0
ciMethod com/sun/tools/javac/util/UnsharedNameTable$HashEntry <init> (Lcom/sun/tools/javac/util/UnsharedNameTable$NameImpl;)V 1793 1 2012 0 -1
ciMethod com/sun/tools/javac/util/Convert shortName (Lcom/sun/tools/javac/util/Name;)Lcom/sun/tools/javac/util/Name; 2049 1 11767 0 0
ciMethod com/sun/tools/javac/util/Convert packagePart (Lcom/sun/tools/javac/util/Name;)Lcom/sun/tools/javac/util/Name; 1849 1 7159 0 0
ciMethod com/sun/tools/javac/jvm/ClassReader defineClass (Lcom/sun/tools/javac/util/Name;Lcom/sun/tools/javac/code/Symbol;)Lcom/sun/tools/javac/code/Symbol$ClassSymbol; 4097 1 9741 0 1120
ciMethod com/sun/tools/javac/jvm/ClassReader enterClass (Lcom/sun/tools/javac/util/Name;Ljavax/tools/JavaFileObject;)Lcom/sun/tools/javac/code/Symbol$ClassSymbol; 617 1 5197 0 -1
ciMethod com/sun/tools/javac/jvm/ClassReader enterPackage (Lcom/sun/tools/javac/util/Name;)Lcom/sun/tools/javac/code/Symbol$PackageSymbol; 3073 1 12429 0 9536
ciMethod com/sun/tools/javac/util/Assert check (ZLjava/lang/String;)V 1537 1 11620 0 -1
ciMethod com/sun/tools/javac/util/Assert checkNull (Ljava/lang/Object;Ljava/lang/Object;)V 2745 1 8754 0 0
ciMethod com/sun/tools/javac/util/Assert checkNull (Ljava/lang/Object;Ljava/lang/String;)V 9 1 2698 0 -1
ciMethod com/sun/tools/javac/util/Assert checkNonNull (Ljava/lang/Object;Ljava/lang/String;)Ljava/lang/Object; 0 0 150 0 -1
ciMethod com/sun/tools/javac/util/Assert error (Ljava/lang/String;)V 0 0 1 0 -1
ciMethodData com/sun/tools/javac/util/UnsharedNameTable$NameImpl getByteLength ()I 2 26716 orig 264 56 173 65 92 0 0 0 0 48 7 250 25 0 0 0 0 32 1 0 0 0 0 0 0 0 0 0 0 0 0 0 0 0 0 0 0 0 0 0 0 0 0 0 0 0 0 0 0 0 0 0 0 0 0 0 0 0 0 0 0 0 0 0 0 0 0 0 0 0 0 0 0 0 0 0 0 0 0 0 0 77 68 79 32 101 120 116 114 97 32 100 97 116 97 32 108 111 99 107 0 0 0 0 0 0 0 0 0 0 0 0 0 0 0 0 0 0 0 0 0 0 0 0 0 0 0 0 0 0 0 0 0 0 0 0 0 0 0 0 0 0 0 0 0 0 0 0 0 0 0 0 0 0 0 0 0 0 0 0 0 0 0 0 0 0 0 0 0 0 0 0 0 0 0 0 0 0 0 0 0 0 0 0 0 1 0 0 0 0 0 0 0 0 0 0 0 0 0 0 0 1 0 0 0 0 0 0 0 0 0 0 0 0 0 0 0 140 1 0 0 121 54 3 0 1 0 0 0 0 0 0 0 0 0 0 0 2 0 0 0 0 0 3 0 1 0 0 0 0 0 0 0 255 255 255 255 0 0 0 0 0 0 0 0 data 0 oops 0
ciMethodData com/sun/tools/javac/util/UnsharedNameTable fromUtf ([BII)Lcom/sun/tools/javac/util/Name; 0 0 orig 264 56 173 65 92 0 0 0 0 104 209 249 25 0 0 0 0 24 4 0 0 152 0 0 0 0 0 0 0 0 0 0 0 0 0 0 0 0 0 0 0 0 0 0 0 0 0 0 0 0 0 0 0 0 0 0 0 0 0 0 0 0 0 0 0 0 0 0 0 0 0 0 0 0 0 0 0 0 0 0 0 77 68 79 32 101 120 116 114 97 32 100 97 116 97 32 108 111 99 107 0 0 0 0 0 0 0 0 0 0 0 0 0 0 0 0 0 0 0 0 0 0 0 0 0 0 0 0 0 0 0 0 0 0 0 0 0 0 0 0 0 0 0 0 0 2 0 0 0 0 0 0 0 0 0 0 0 0 0 0 0 0 1 0 0 0 0 0 0 0 0 0 0 0 0 0 0 0 0 0 0 0 0 0 0 0 0 0 0 0 0 0 0 0 0 0 0 0 0 0 0 0 0 0 0 0 0 0 0 0 0 0 0 0 0 0 0 128 1 0 0 201 64 3 0 41 17 0 0 18 33 0 0 23 0 0 0 2 0 0 0 1 0 28 0 2 0 0 0 184 2 0 0 255 255 255 255 2 0 3 0 0 0 0 0 data 87 0x30002 0x6819 0x220007 0x6fc 0x200 0x6342 0x270007 0x6342 0x38 0x0 0x2a0003 0x0 0x1c0 0x2f0005 0x0 0x1d33b2b0 0x6342 0x0 0x0 0x329104 0x0 0x1c754920 0x6341 0x0 0x0 0x390007 0x6341 0xb0 0x2 0x400007 0x0 0x68 0x2 0x510104 0x0 0x0 0x0 0x0 0x0 0x520003 0x2 0xc0 0x590002 0x0 0x670003 0x0 0x98 0x6c0005 0x0 0x1c754920 0x6341 0x0 0x0 0x700007 0x221 0x50 0x6120 0x7c0002 0x6120 0x7f0007 0x2 0x20 0x611f 0x900003 0x225 0xfffffffffffffe18 0x9e0002 0x6fc 0xb30002 0x6fc 0xbe0002 0x6fc 0xc50007 0x5b 0x68 0x6a1 0xd00004 0x0 0x1d33b2b0 0x6a1 0x0 0xeb140101000034 0x100000000 0x0 0x28 0xdb0002 0x5b